NOTE from PE     0: MPP_DOMAINS_SET_STACK_SIZE: stack size set to    32768.
 &MPP_IO_NML
 HEADER_BUFFER_VAL       =       16384,
 GLOBAL_FIELD_ON_ROOT_PE = T,
 IO_CLOCKS_ON    = F,
 SHUFFLE =           0,
 DEFLATE_LEVEL   =          -1,
 CF_COMPLIANCE   = F
 /
NOTE from PE     0: MPP_IO_SET_STACK_SIZE: stack size set to     131072.
NOTE from PE     0: MPP_DOMAINS_SET_STACK_SIZE: stack size set to   960000.
NOTE from PE     0: ======== Model being driven by MOM_driver ========
NOTE from PE     0: callTree: o Program MOM_main, MOM_driver.F90
 &OCEAN_SOLO_NML
 DATE_INIT       = 3*1, 3*0,
 CALENDAR        = julian          ,
 MONTHS  =           0,
 DAYS    =          30,
 HOURS   =           0,
 MINUTES =           0,
 SECONDS =           0,
 OCEAN_NTHREADS  =           1,
 USE_HYPER_THREAD        = F
 /
NOTE from PE     0: open_param_file: MOM_input has been opened successfully.
NOTE from PE     0: open_param_file: MOM_override has been opened successfully.
 MOM_in domain decomposition
whalo =    4, ehalo =    4, shalo =    4, nhalo =    4
  X-AXIS =   15  15  15  15  15  15  15  15  15  15  15  15  15  15  15  15
  Y-AXIS =   14  12  14
 MOM_inc domain decomposition
whalo =    2, ehalo =    2, shalo =    2, nhalo =    2
  X-AXIS =    8   8   8   8   7   7   7   7   7   7   7   7   8   8   8   8
  Y-AXIS =    7   6   7

WARNING from PE     0: diag_manager_mod::diag_manager_init: DIAG_MANAGER_NML not found in input.nml.  Using defaults.

NOTE from PE     0: diag_manager_mod::diag_manager_init: prepend_date only supported when diag_manager_init is called with time_init present.
 MOM_in domain decomposition
whalo =    4, ehalo =    4, shalo =    4, nhalo =    4
  X-AXIS =   15  15  15  15  15  15  15  15  15  15  15  15  15  15  15  15
  Y-AXIS =   14  12  14
 MOM_in domain decomposition
whalo =    2, ehalo =    2, shalo =    2, nhalo =    2
  X-AXIS =    8   8   8   8   7   7   7   7   7   7   7   7   8   8   8   8
  Y-AXIS =    7   6   7
 MOM_in domain decomposition
whalo =    4, ehalo =    4, shalo =    4, nhalo =    4
  X-AXIS =   15  15  15  15  15  15  15  15  15  15  15  15  15  15  15  15
  Y-AXIS =   14  12  14
 MOM_in domain decomposition
whalo =    2, ehalo =    2, shalo =    2, nhalo =    2
  X-AXIS =    8   8   8   8   7   7   7   7   7   7   7   7   8   8   8   8
  Y-AXIS =    7   6   7
 MOM_in domain decomposition
whalo =    4, ehalo =    4, shalo =    4, nhalo =    4
  X-AXIS =   15  15  15  15  15  15  15  15  15  15  15  15  15  15  15  15
  Y-AXIS =   14  12  14
 MOM_in domain decomposition
whalo =    2, ehalo =    2, shalo =    2, nhalo =    2
  X-AXIS =    8   8   8   8   7   7   7   7   7   7   7   7   8   8   8   8
  Y-AXIS =    7   6   7
 MOM_Ice_Shelf_in domain decomposition
whalo =    4, ehalo =    4, shalo =    4, nhalo =    4
  X-AXIS =   15  15  15  15  15  15  15  15  15  15  15  15  15  15  15  15
  Y-AXIS =   14  12  14
 MOM_Ice_Shelf_inc domain decomposition
whalo =    2, ehalo =    2, shalo =    2, nhalo =    2
  X-AXIS =    8   8   8   8   7   7   7   7   7   7   7   7   8   8   8   8
  Y-AXIS =    7   6   7
 MOM_Ice_Shelf_in domain decomposition
whalo =    4, ehalo =    4, shalo =    4, nhalo =    4
  X-AXIS =   15  15  15  15  15  15  15  15  15  15  15  15  15  15  15  15
  Y-AXIS =   14  12  14
 MOM_Ice_Shelf_in domain decomposition
whalo =    2, ehalo =    2, shalo =    2, nhalo =    2
  X-AXIS =    8   8   8   8   7   7   7   7   7   7   7   7   8   8   8   8
  Y-AXIS =    7   6   7
NOTE from PE     0: Initialize_ice_thickness_from_file: reading thickness

WARNING from PE     0: Ice shelf thickness initialized without setting the shelf mask from variable h_mask, which does not exist in INPUT/Ocean1_3D.nc

 MOM_Ice_Shelf_in domain decomposition
whalo =    4, ehalo =    4, shalo =    4, nhalo =    4
  X-AXIS =   15  15  15  15  15  15  15  15  15  15  15  15  15  15  15  15
  Y-AXIS =   14  12  14
 MOM_Ice_Shelf_in domain decomposition
whalo =    2, ehalo =    2, shalo =    2, nhalo =    2
  X-AXIS =    8   8   8   8   7   7   7   7   7   7   7   7   8   8   8   8
  Y-AXIS =    7   6   7

WARNING from PE     0: MOM_file_parser : THICKNESS_CONFIG over-ridden.  Line: 'THICKNESS_CONFIG = "thickness_file"' in file MOM_override.


WARNING from PE     0: MOM_file_parser : TS_CONFIG over-ridden.  Line: 'TS_CONFIG = "ISOMIP"' in file MOM_override.


WARNING from PE     0: MOM_file_parser : TRIM_IC_FOR_P_SURF over-ridden.  Line: 'TRIM_IC_FOR_P_SURF = False' in file MOM_override.


WARNING from PE     0: MOM_file_parser : KV over-ridden.  Line: 'KV = 1.0E-3' in file MOM_override.


WARNING from PE     0: KVML is a deprecated parameter. Use KV_ML_INVZ2 instead.

 MOM_in domain decomposition
whalo =    4, ehalo =    4, shalo =    4, nhalo =    4
  X-AXIS =   15  15  15  15  15  15  15  15  15  15  15  15  15  15  15  15
  Y-AXIS =   14  12  14
 MOM_in domain decomposition
whalo =    2, ehalo =    2, shalo =    2, nhalo =    2
  X-AXIS =    8   8   8   8   7   7   7   7   7   7   7   7   8   8   8   8
  Y-AXIS =    7   6   7
NOTE from PE     0: MOM_ice_shelf.F90, initialize_ice_shelf: allocating fluxes.
NOTE from PE     0: MOM_ice_shelf.F90, initialize_ice_shelf: allocating forces.

WARNING from PE     0: Previous msg:DT_FORCING = 300.0              !   [s] default = 0.0


WARNING from PE     0: New message :DT_FORCING = 300.0              !   [s] default = 300.0


WARNING from PE     0: Encountered inconsistent documentation line for parameter DT_FORCING!

NOTE from PE     0: Segment run length determined from ocean_solo_nml.

WARNING from PE     0: Unused line in MOM_input : T_REF = -1.9


WARNING from PE     0: Unused line in MOM_input : FIT_SALINITY = True


WARNING from PE     0: Unused line in MOM_input : SURFACE_PRESSURE_FILE = "Ocean1_3D.nc"


WARNING from PE     0: Unused line in MOM_input : SURFACE_PRESSURE_VAR = "thick"


WARNING from PE     0: Unused line in MOM_input : SURFACE_PRESSURE_SCALE = 8820.0

NOTE from PE     0: MOM_surface_forcing: buoyancy forcing has been set to omitted.
 MOM_in domain decomposition
whalo =    4, ehalo =    4, shalo =    4, nhalo =    4
  X-AXIS =   15  15  15  15  15  15  15  15  15  15  15  15  15  15  15  15
  Y-AXIS =   14  12  14
 MOM_in domain decomposition
whalo =    2, ehalo =    2, shalo =    2, nhalo =    2
  X-AXIS =    8   8   8   8   7   7   7   7   7   7   7   7   8   8   8   8
  Y-AXIS =    7   6   7
NOTE from PE     0: MPP_IO_SET_STACK_SIZE: stack size set to     240000.
NOTE from PE     0: MPP_IO_SET_STACK_SIZE: stack size set to     241000.
NOTE from PE     0: MPP_IO_SET_STACK_SIZE: stack size set to     246000.
NOTE from PE     0: MPP_IO_SET_STACK_SIZE: stack size set to     249600.
MOM Day       0.000      0: En 0.000000E+00, MaxCFL  0.00000, Mass 1.011641728796E+19, Salt ***************, Temp  -1.90000000000
    Total Energy: 0000000000000000  0.0000000000000000E+00
    Total Mass:   1.0116417287962522E+19, Change:   0.0000000000000000E+00 Error:  0.00000E+00 ( 0.0E+00)
    Total Salt:  -2.5376067805331021E+18, Change:   0.0000000000000000E+00 Error:  0.00000E+00 ( 0.0E+00)
    Total Heat:  -7.5443181924980510E+22, Change:   0.0000000000000000E+00 Error:  0.00000E+00 ( 0.0E+00)

FATAL from PE     0: btstep: number of barotropic step (nstep+nfilter) is 0

